<?xml version="1.0" encoding="UTF-8"?>
<!-- Generated by org.testng.reporters.JUnitReportReporter -->
<testsuite hostname="DESKTOP-B16PH8T" failures="0" tests="5" name="PcShopTests" time="75.365" errors="0" timestamp="05 velj 2020 10:49:45 GMT" skipped="0">
  <testcase classname="PcShopTests" name="PcShopPickCategoryTest" time="14.552"/>
  <testcase classname="PcShopTests" name="PcShopSearchTest" time="13.363"/>
  <testcase classname="PcShopTests" name="PcShopRegistrationTest" time="12.523"/>
  <testcase classname="PcShopTests" name="PcShopAddToBasketDeleteTest" time="23.611"/>
  <testcase classname="PcShopTests" name="PcShopLoginTest" time="11.316"/>
</testsuite> <!-- PcShopTests -->
